# JRE version: Java(TM) SE Runtime Environment (8.0_25-b18) (build 1.8.0_25-b18)
# Java VM: Java HotSpot(TM) 64-Bit Server VM (25.25-b02 mixed mode windows-amd64 compressed oops)
Heap:
 PSYoungGen      total 1086464K, used 1086461K [0x000000077bc00000, 0x00000007c0000000, 0x00000007c0000000)
  eden space 1079296K, 100% used [0x000000077bc00000,0x00000007bda00000,0x00000007bda00000)
  from space 7168K, 99% used [0x00000007bf900000,0x00000007bffff410,0x00000007c0000000)
  to   space 19456K, 0% used [0x00000007bda00000,0x00000007bda30000,0x00000007bed00000)
 ParOldGen       total 2236416K, used 965825K [0x00000006f3400000, 0x000000077bc00000, 0x000000077bc00000)
  object space 2236416K, 43% used [0x00000006f3400000,0x000000072e330698,0x000000077bc00000)
 Metaspace       used 3556K, capacity 4642K, committed 4864K, reserved 1056768K
  class space    used 391K, capacity 394K, committed 512K, reserved 1048576K
GC Heap History (10 events):
Event: 3127.960 GC heap after
Heap after GC invocations=2515 (full 1):
 PSYoungGen      total 1117696K, used 320K [0x000000077bc00000, 0x00000007c0000000, 0x00000007c0000000)
  eden space 1117184K, 0% used [0x000000077bc00000,0x000000077bc00000,0x00000007bff00000)
  from space 512K, 62% used [0x00000007bff80000,0x00000007bffd0000,0x00000007c0000000)
  to   space 512K, 0% used [0x00000007bff00000,0x00000007bff00000,0x00000007bff80000)
 ParOldGen       total 2236416K, used 912566K [0x00000006f3400000, 0x000000077bc00000, 0x000000077bc00000)
  object space 2236416K, 40% used [0x00000006f3400000,0x000000072af2d850,0x000000077bc00000)
 Metaspace       used 3556K, capacity 4642K, committed 4864K, reserved 1056768K
  class space    used 391K, capacity 394K, committed 512K, reserved 1048576K
}
Event: 3128.976 GC heap before
{Heap before GC invocations=2516 (full 1):
 PSYoungGen      total 1117696K, used 1117504K [0x000000077bc00000, 0x00000007c0000000, 0x00000007c0000000)
  eden space 1117184K, 100% used [0x000000077bc00000,0x00000007bff00000,0x00000007bff00000)
  from space 512K, 62% used [0x00000007bff80000,0x00000007bffd0000,0x00000007c0000000)
  to   space 512K, 0% used [0x00000007bff00000,0x00000007bff00000,0x00000007bff80000)
 ParOldGen       total 2236416K, used 912566K [0x00000006f3400000, 0x000000077bc00000, 0x000000077bc00000)
  object space 2236416K, 40% used [0x00000006f3400000,0x000000072af2d850,0x000000077bc00000)
 Metaspace       used 3556K, capacity 4642K, committed 4864K, reserved 1056768K
  class space    used 391K, capacity 394K, committed 512K, reserved 1048576K
Event: 3128.981 GC heap after
Heap after GC invocations=2516 (full 1):
 PSYoungGen      total 1117696K, used 384K [0x000000077bc00000, 0x00000007c0000000, 0x00000007c0000000)
  eden space 1117184K, 0% used [0x000000077bc00000,0x000000077bc00000,0x00000007bff00000)
  from space 512K, 75% used [0x00000007bff00000,0x00000007bff60000,0x00000007bff80000)
  to   space 512K, 0% used [0x00000007bff80000,0x00000007bff80000,0x00000007c0000000)
 ParOldGen       total 2236416K, used 912885K [0x00000006f3400000, 0x000000077bc00000, 0x000000077bc00000)
  object space 2236416K, 40% used [0x00000006f3400000,0x000000072af7d468,0x000000077bc00000)
 Metaspace       used 3556K, capacity 4642K, committed 4864K, reserved 1056768K
  class space    used 391K, capacity 394K, committed 512K, reserved 1048576K
}
Event: 3131.504 GC heap before
{Heap before GC invocations=2517 (full 1):
 PSYoungGen      total 1117696K, used 1117568K [0x000000077bc00000, 0x00000007c0000000, 0x00000007c0000000)
  eden space 1117184K, 100% used [0x000000077bc00000,0x00000007bff00000,0x00000007bff00000)
  from space 512K, 75% used [0x00000007bff00000,0x00000007bff60000,0x00000007bff80000)
  to   space 512K, 0% used [0x00000007bff80000,0x00000007bff80000,0x00000007c0000000)
 ParOldGen       total 2236416K, used 912885K [0x00000006f3400000, 0x000000077bc00000, 0x000000077bc00000)
  object space 2236416K, 40% used [0x00000006f3400000,0x000000072af7d468,0x000000077bc00000)
 Metaspace       used 3556K, capacity 4642K, committed 4864K, reserved 1056768K
  class space    used 391K, capacity 394K, committed 512K, reserved 1048576K
Event: 3132.790 GC heap after
Heap after GC invocations=2517 (full 1):
 PSYoungGen      total 1104384K, used 509K [0x000000077bc00000, 0x00000007c0000000, 0x00000007c0000000)
  eden space 1103872K, 0% used [0x000000077bc00000,0x000000077bc00000,0x00000007bf200000)
  from space 512K, 99% used [0x00000007bff80000,0x00000007bffff4c8,0x00000007c0000000)
  to   space 7168K, 0% used [0x00000007bf200000,0x00000007bf200000,0x00000007bf900000)
 ParOldGen       total 2236416K, used 929557K [0x00000006f3400000, 0x000000077bc00000, 0x000000077bc00000)
  object space 2236416K, 41% used [0x00000006f3400000,0x000000072bfc54a0,0x000000077bc00000)
 Metaspace       used 3556K, capacity 4642K, committed 4864K, reserved 1056768K
  class space    used 391K, capacity 394K, committed 512K, reserved 1048576K
}
Event: 3134.092 GC heap before
{Heap before GC invocations=2518 (full 1):
 PSYoungGen      total 1104384K, used 1104381K [0x000000077bc00000, 0x00000007c0000000, 0x00000007c0000000)
  eden space 1103872K, 100% used [0x000000077bc00000,0x00000007bf200000,0x00000007bf200000)
  from space 512K, 99% used [0x00000007bff80000,0x00000007bffff4c8,0x00000007c0000000)
  to   space 7168K, 0% used [0x00000007bf200000,0x00000007bf200000,0x00000007bf900000)
 ParOldGen       total 2236416K, used 929557K [0x00000006f3400000, 0x000000077bc00000, 0x000000077bc00000)
  object space 2236416K, 41% used [0x00000006f3400000,0x000000072bfc54a0,0x000000077bc00000)
 Metaspace       used 3556K, capacity 4642K, committed 4864K, reserved 1056768K
  class space    used 391K, capacity 394K, committed 512K, reserved 1048576K
Event: 3134.416 GC heap after
Heap after GC invocations=2518 (full 1):
 PSYoungGen      total 1111040K, used 7167K [0x000000077bc00000, 0x00000007c0000000, 0x00000007c0000000)
  eden space 1103872K, 0% used [0x000000077bc00000,0x000000077bc00000,0x00000007bf200000)
  from space 7168K, 99% used [0x00000007bf200000,0x00000007bf8ffda0,0x00000007bf900000)
  to   space 7168K, 0% used [0x00000007bf900000,0x00000007bf900000,0x00000007c0000000)
 ParOldGen       total 2236416K, used 943067K [0x00000006f3400000, 0x000000077bc00000, 0x000000077bc00000)
  object space 2236416K, 42% used [0x00000006f3400000,0x000000072ccf6ca8,0x000000077bc00000)
 Metaspace       used 3556K, capacity 4642K, committed 4864K, reserved 1056768K
  class space    used 391K, capacity 394K, committed 512K, reserved 1048576K
}
Event: 3141.754 GC heap before
{Heap before GC invocations=2519 (full 1):
 PSYoungGen      total 1111040K, used 1111039K [0x000000077bc00000, 0x00000007c0000000, 0x00000007c0000000)
  eden space 1103872K, 100% used [0x000000077bc00000,0x00000007bf200000,0x00000007bf200000)
  from space 7168K, 99% used [0x00000007bf200000,0x00000007bf8ffda0,0x00000007bf900000)
  to   space 7168K, 0% used [0x00000007bf900000,0x00000007bf900000,0x00000007c0000000)
 ParOldGen       total 2236416K, used 943067K [0x00000006f3400000, 0x000000077bc00000, 0x000000077bc00000)
  object space 2236416K, 42% used [0x00000006f3400000,0x000000072ccf6ca8,0x000000077bc00000)
 Metaspace       used 3556K, capacity 4642K, committed 4864K, reserved 1056768K
  class space    used 391K, capacity 394K, committed 512K, reserved 1048576K
Event: 3142.169 GC heap after
Heap after GC invocations=2519 (full 1):
 PSYoungGen      total 1086464K, used 7165K [0x000000077bc00000, 0x00000007c0000000, 0x00000007c0000000)
  eden space 1079296K, 0% used [0x000000077bc00000,0x000000077bc00000,0x00000007bda00000)
  from space 7168K, 99% used [0x00000007bf900000,0x00000007bffff410,0x00000007c0000000)
  to   space 19456K, 0% used [0x00000007bda00000,0x00000007bda00000,0x00000007bed00000)
 ParOldGen       total 2236416K, used 958727K [0x00000006f3400000, 0x000000077bc00000, 0x000000077bc00000)
  object space 2236416K, 42% used [0x00000006f3400000,0x000000072dc41d60,0x000000077bc00000)
 Metaspace       used 3556K, capacity 4642K, committed 4864K, reserved 1056768K
  class space    used 391K, capacity 394K, committed 512K, reserved 1048576K
}
Event: 3143.152 GC heap before
{Heap before GC invocations=2520 (full 1):
 PSYoungGen      total 1086464K, used 1086461K [0x000000077bc00000, 0x00000007c0000000, 0x00000007c0000000)
  eden space 1079296K, 100% used [0x000000077bc00000,0x00000007bda00000,0x00000007bda00000)
  from space 7168K, 99% used [0x00000007bf900000,0x00000007bffff410,0x00000007c0000000)
  to   space 19456K, 0% used [0x00000007bda00000,0x00000007bda00000,0x00000007bed00000)
 ParOldGen       total 2236416K, used 958727K [0x00000006f3400000, 0x000000077bc00000, 0x000000077bc00000)
  object space 2236416K, 42% used [0x00000006f3400000,0x000000072dc41d60,0x000000077bc00000)
 Metaspace       used 3556K, capacity 4642K, committed 4864K, reserved 1056768K
  class space    used 391K, capacity 394K, committed 512K, reserved 1048576K

